1.5744152069091797 1.5110965967178345
1.462448000907898 1.4210115671157837
1.3830796480178833 1.355044960975647
1.3222894668579102 1.3017265796661377
1.269119143486023 1.2520703077316284
1.2208926677703857 1.209587812423706
1.1804314851760864 1.1738009452819824
1.1459859609603882 1.143539309501648
1.117011308670044 1.11785089969635
1.09186589717865 1.0952969789505005
1.069790244102478 1.0761171579360962
1.05146324634552 1.0598856210708618
1.0358084440231323 1.0459507703781128
1.0221110582351685 1.0333846807479858
1.009706974029541 1.0222562551498413
0.9984143376350403 1.0117287635803223
0.9879041314125061 1.0018870830535889
0.9779199957847595 0.9928603172302246
0.9684747457504272 0.9843845963478088
0.9598872065544128 0.9764195680618286
0.9516663551330566 0.9684813022613525
0.9440326690673828 0.9613103866577148
0.9369001388549805 0.9546999335289001
0.9302759766578674 0.9487202167510986
0.9240784645080566 0.9430554509162903
0.918323278427124 0.9373757243156433
0.9130943417549133 0.9322317242622375
0.9081560373306274 0.9278842806816101
0.903558075428009 0.9233824610710144
0.8994511365890503 0.919739842414856
0.8953689932823181 0.9158477187156677
0.8917789459228516 0.9126376509666443
0.8881555199623108 0.9091195464134216
0.8849305510520935 0.9061150550842285
0.8817892670631409 0.9030018448829651
0.878918468952179 0.9002712368965149
0.875946581363678 0.8976068496704102
0.8732709288597107 0.8949118256568909
0.8707457184791565 0.8927373886108398
0.8682765960693359 0.8905634880065918
0.866085946559906 0.8883572816848755
0.8638613224029541 0.8862110376358032
0.8616531491279602 0.8840683698654175
0.8596401810646057 0.8819834589958191
0.8577556610107422 0.8803828358650208
0.8558878302574158 0.8785544633865356
0.8541561365127563 0.8764796257019043
0.8523788452148438 0.8753207325935364
0.8505709171295166 0.8735485672950745
0.8492493033409119 0.8719754219055176
0.8475688695907593 0.8708897233009338
0.8461982011795044 0.8693154454231262
0.8446857929229736 0.8677002787590027
0.8433690667152405 0.8665592074394226
0.8419449925422668 0.8650070428848267
0.8406041860580444 0.8639410138130188
0.8393577933311462 0.862858235836029
0.8381184935569763 0.8612685799598694
0.8367758393287659 0.8603533506393433
0.8356062173843384 0.8590947389602661
0.8343998789787292 0.8581483364105225
0.8334009647369385 0.8566781878471375
0.8319569230079651 0.8556638360023499
0.8309471011161804 0.8541422486305237
0.8297613859176636 0.8532420992851257
0.8284640908241272 0.852120578289032
0.8276132345199585 0.8510251045227051
0.8263410329818726 0.8504145741462708
0.8252628445625305 0.8489638566970825
0.8241232633590698 0.8482040166854858
0.8231626749038696 0.8471930623054504
0.8219867944717407 0.8459956645965576
0.8209508061408997 0.8447147011756897
0.819975733757019 0.8436408638954163
0.8188027143478394 0.8426247239112854
0.8179852366447449 0.8415589332580566
0.8165163993835449 0.8403813242912292
0.8155806064605713 0.8394759297370911
0.8146641850471497 0.8384244441986084
0.8133538365364075 0.8375982046127319
0.8123891353607178 0.8361141085624695
0.8113887906074524 0.8354424238204956
0.8103023767471313 0.8343547582626343
0.8093525171279907 0.8331481218338013
0.8082519173622131 0.832493245601654
0.8071589469909668 0.8316893577575684
0.8062798976898193 0.8304033875465393
0.8054555058479309 0.8298773169517517
0.804232656955719 0.8289293050765991
0.8032577037811279 0.8275071978569031
0.8022564649581909 0.8268594145774841
0.8013788461685181 0.8257472515106201
0.8004523515701294 0.8250494599342346
0.7995591759681702 0.8239344954490662
0.7986335754394531 0.8230192065238953
0.797683835029602 0.8223833441734314
0.7968271970748901 0.8215091228485107
0.7960782647132874 0.820911169052124
0.7950732707977295 0.8201149106025696
0.794249951839447 0.8186922073364258
