1.6662379503250122 1.6142909526824951
1.568960428237915 1.5231817960739136
1.4771877527236938 1.432926893234253
1.3874528408050537 1.3490314483642578
1.3084133863449097 1.2783700227737427
1.2429888248443604 1.2256680727005005
1.1980358362197876 1.190600872039795
1.166007399559021 1.1639447212219238
1.1398229598999023 1.1397860050201416
1.1161597967147827 1.1186529397964478
1.0951627492904663 1.0996476411819458
1.0764936208724976 1.0823434591293335
1.0596888065338135 1.0669431686401367
1.0446171760559082 1.0533860921859741
1.031239628791809 1.0412462949752808
1.0190318822860718 1.0297199487686157
1.0075645446777344 1.0194650888442993
0.9970000386238098 1.0093530416488647
0.98710697889328 1.0002586841583252
0.9775566458702087 0.9916321635246277
0.9685091376304626 0.9829006791114807
0.9597735404968262 0.9747622013092041
0.95150226354599 0.9668910503387451
0.9435003399848938 0.9596376419067383
0.9360231757164001 0.9529654383659363
0.9291256666183472 0.9463726878166199
0.9226606488227844 0.9402101635932922
0.9163963198661804 0.934578537940979
0.9106846451759338 0.929290771484375
0.9052953720092773 0.924885094165802
0.9006314277648926 0.9196568131446838
0.8959353566169739 0.9155757427215576
0.8916662335395813 0.911680281162262
0.8876696228981018 0.9083370566368103
0.8838822245597839 0.9046408534049988
0.8806016445159912 0.9013655185699463
0.8771989345550537 0.8983868360519409
0.8741157650947571 0.8955301642417908
0.8712190389633179 0.8928417563438416
0.8683305382728577 0.8905370235443115
0.8658324480056763 0.8877944350242615
0.8633841872215271 0.8856253623962402
0.8610089421272278 0.8836162090301514
0.8587989211082458 0.8816473484039307
0.8567894697189331 0.8796859383583069
0.8548787236213684 0.8778781294822693
0.8528119921684265 0.8758435845375061
0.8511509895324707 0.8744968175888062
0.849226176738739 0.8727129697799683
0.8476486206054688 0.8715270757675171
0.8459086418151855 0.869752049446106
0.8444057703018188 0.8684060573577881
0.8428340554237366 0.8669564127922058
0.841285765171051 0.8661710619926453
0.8397966623306274 0.8639091849327087
0.8384252786636353 0.8628650307655334
0.8369271159172058 0.861487090587616
0.8357422947883606 0.8603407740592957
0.8343673944473267 0.8590819835662842
0.8331697583198547 0.8580279350280762
0.83186274766922 0.8567137122154236
0.8306666612625122 0.8558617830276489
0.8294395208358765 0.8544489741325378
0.8281801342964172 0.8534777164459229
0.827109694480896 0.8522545099258423
0.826027512550354 0.8510087728500366
0.8248305916786194 0.8498275279998779
0.8239360451698303 0.8493252396583557
0.8226810693740845 0.848140299320221
0.8216137290000916 0.8472473621368408
0.820688784122467 0.8463549613952637
0.8196518421173096 0.8450970649719238
0.8185585141181946 0.8439395427703857
0.8175897598266602 0.8430243134498596
0.8166139125823975 0.8421674966812134
0.8156512379646301 0.8415748476982117
0.8147875666618347 0.840711772441864
0.8137354850769043 0.8397894501686096
0.8129932284355164 0.8386818170547485
0.8120967149734497 0.8378453254699707
0.8111526966094971 0.8372730612754822
0.8102273941040039 0.8364032506942749
0.8093826770782471 0.8357629776000977
0.8084992170333862 0.8348374962806702
0.8077690601348877 0.833891749382019
0.80681312084198 0.8328645825386047
0.805916428565979 0.8320203423500061
0.8053763508796692 0.8312705755233765
0.8045799136161804 0.8307806253433228
0.8037118911743164 0.8297470211982727
0.8028794527053833 0.8296710252761841
0.8022913932800293 0.8285101056098938
0.8013949990272522 0.8277666568756104
0.800717830657959 0.8275717496871948
0.8001168370246887 0.8262214660644531
0.7993461489677429 0.8257246613502502
0.7986186742782593 0.8251074552536011
0.7981176376342773 0.8241046071052551
0.7973316311836243 0.8236919641494751
0.7966390252113342 0.8230999708175659
