0.7985854744911194 0.8236578106880188
0.7959332466125488 0.8224406242370605
0.7948431372642517 0.8212379217147827
0.7939936518669128 0.8207741975784302
0.7931930422782898 0.8199211955070496
0.79249507188797 0.8192549347877502
0.7917831540107727 0.8186960816383362
0.7911003232002258 0.8180277943611145
0.7906282544136047 0.8175484538078308
0.7900170087814331 0.81693434715271
0.7894560098648071 0.8164055943489075
0.7888434529304504 0.815988302230835
0.788329005241394 0.8153915405273438
0.7877957820892334 0.8149285316467285
0.7872086763381958 0.8149648308753967
0.7867497205734253 0.8139537572860718
0.786376416683197 0.813429594039917
0.7857674956321716 0.8130887746810913
0.7853699922561646 0.8125664591789246
0.7848317623138428 0.8122590184211731
0.7845144271850586 0.8117746710777283
0.7840254902839661 0.8113960027694702
0.7835139036178589 0.8109275102615356
0.7831339836120605 0.8105074763298035
0.7826108336448669 0.8102135062217712
0.7823106646537781 0.8097943663597107
0.7817904353141785 0.8096304535865784
0.7813417911529541 0.8091127872467041
0.7809830904006958 0.8086458444595337
0.780549943447113 0.8081793785095215
0.7801488041877747 0.8077431321144104
0.7797513604164124 0.8079293966293335
0.7793676257133484 0.8070041537284851
0.7790147662162781 0.8069648146629333
0.778740406036377 0.8064500093460083
0.7782909870147705 0.8064676523208618
0.7780044078826904 0.8060473799705505
0.7775360345840454 0.805257260799408
0.7770903706550598 0.8051597476005554
0.7767767906188965 0.8044925928115845
0.77646803855896 0.8042359948158264
0.7760757207870483 0.8037712574005127
0.7758022546768188 0.8036510348320007
0.7753280997276306 0.8033965826034546
0.7749917507171631 0.8028528690338135
0.7746580839157104 0.8025285005569458
0.7744448184967041 0.802414059638977
0.7740104794502258 0.8026196956634521
0.7735900282859802 0.8016290664672852
0.7734026908874512 0.8016108274459839
0.7731277942657471 0.801340639591217
0.7727763652801514 0.8008229732513428
0.7725369334220886 0.8005618453025818
0.7721729278564453 0.8002980351448059
0.7719011902809143 0.7999818921089172
0.7714858055114746 0.7997719645500183
0.7711543440818787 0.7994018197059631
0.7708479762077332 0.7989927530288696
0.7706363797187805 0.7985081076622009
0.7702972888946533 0.7982704639434814
0.7700926065444946 0.7981997728347778
0.769666314125061 0.7978656888008118
0.7693734169006348 0.7975484132766724
0.7691540122032166 0.797328531742096
0.7689472436904907 0.797031044960022
0.7685019969940186 0.7968900799751282
0.7683447003364563 0.7970911264419556
0.768004834651947 0.7961533069610596
0.7676656246185303 0.7959056496620178
0.767418384552002 0.7959645986557007
0.7671228647232056 0.7952181696891785
0.7669241428375244 0.7955046892166138
0.7665873765945435 0.7949538826942444
0.7661619782447815 0.7951527237892151
0.7660549879074097 0.7943495512008667
0.7657118439674377 0.7942274212837219
0.7656211853027344 0.793891966342926
0.7652456164360046 0.7937770485877991
0.7650575637817383 0.7935584783554077
0.764643669128418 0.7933117747306824
0.7644829154014587 0.7931973934173584
0.7641208171844482 0.7925815582275391
0.7639270424842834 0.7927973866462708
0.7637444734573364 0.7923837304115295
0.7632870674133301 0.7921183705329895
0.7631358504295349 0.7920817136764526
0.7629029154777527 0.7918997406959534
0.7625648379325867 0.7912454009056091
0.7623406648635864 0.79117751121521
0.762046754360199 0.7909762859344482
0.7618588209152222 0.7909372448921204
0.7615765929222107 0.7902637720108032
0.761573851108551 0.7899206876754761
0.7610774040222168 0.7897387742996216
0.7608823180198669 0.7896047830581665
0.760556161403656 0.78928142786026
0.760407567024231 0.7890821695327759
0.7601650953292847 0.7887700200080872
0.7599331736564636 0.7886291146278381
0.7595986723899841 0.7886636257171631
